Using pre-set license
Built from '2022.3/staging' branch; Version is '2022.3.4f1 (35713cd46cd7) revision 3502396'; Using compiler version '192829333'; Build Type 'Release'
OS: 'Windows 11  (10.0.22621) 64bit Professional' Language: 'ko' Physical Memory: 8036 MB
BatchMode: 1, IsHumanControllingUs: 0, StartBugReporterOnCrash: 0, Is64bit: 1, IsPro: 1

COMMAND LINE ARGUMENTS:
C:\Program Files\Unity\Hub\Editor\2022.3.4f1\Editor\Unity.exe
-adb2
-batchMode
-noUpm
-name
AssetImportWorker0
-projectPath
C:/Users/jack0/OneDrive/바탕 화면/ShootingGame/ShootingGame
-logFile
Logs/AssetImportWorker0.log
-srvPort
57379
Successfully changed project path to: C:/Users/jack0/OneDrive/바탕 화면/ShootingGame/ShootingGame
C:/Users/jack0/OneDrive/바탕 화면/ShootingGame/ShootingGame
[UnityMemory] Configuration Parameters - Can be set up in boot.config
    "memorysetup-bucket-allocator-granularity=16"
    "memorysetup-bucket-allocator-bucket-count=8"
    "memorysetup-bucket-allocator-block-size=33554432"
    "memorysetup-bucket-allocator-block-count=8"
    "memorysetup-main-allocator-block-size=16777216"
    "memorysetup-thread-allocator-block-size=16777216"
    "memorysetup-gfx-main-allocator-block-size=16777216"
    "memorysetup-gfx-thread-allocator-block-size=16777216"
    "memorysetup-cache-allocator-block-size=4194304"
    "memorysetup-typetree-allocator-block-size=2097152"
    "memorysetup-profiler-bucket-allocator-granularity=16"
    "memorysetup-profiler-bucket-allocator-bucket-count=8"
    "memorysetup-profiler-bucket-allocator-block-size=33554432"
    "memorysetup-profiler-bucket-allocator-block-count=8"
    "memorysetup-profiler-allocator-block-size=16777216"
    "memorysetup-profiler-editor-allocator-block-size=1048576"
    "memorysetup-temp-allocator-size-main=16777216"
    "memorysetup-job-temp-allocator-block-size=2097152"
    "memorysetup-job-temp-allocator-block-size-background=1048576"
    "memorysetup-job-temp-allocator-reduction-small-platforms=262144"
    "memorysetup-allocator-temp-initial-block-size-main=262144"
    "memorysetup-allocator-temp-initial-block-size-worker=262144"
    "memorysetup-temp-allocator-size-background-worker=32768"
    "memorysetup-temp-allocator-size-job-worker=262144"
    "memorysetup-temp-allocator-size-preload-manager=33554432"
    "memorysetup-temp-allocator-size-nav-mesh-worker=65536"
    "memorysetup-temp-allocator-size-audio-worker=65536"
    "memorysetup-temp-allocator-size-cloud-worker=32768"
    "memorysetup-temp-allocator-size-gi-baking-worker=262144"
    "memorysetup-temp-allocator-size-gfx=262144"
Player connection [14976] Host "[IP] 192.168.3.77 [Port] 0 [Flags] 2 [Guid] 977125793 [EditorId] 977125793 [Version] 1048832 [Id] WindowsEditor(7,DESKTOP-0LRKUI0) [Debug] 1 [PackageName] WindowsEditor [ProjectName] Editor" joined multi-casting on [225.0.0.222:54997]...

Player connection [14976] Host "[IP] 192.168.3.77 [Port] 0 [Flags] 2 [Guid] 977125793 [EditorId] 977125793 [Version] 1048832 [Id] WindowsEditor(7,DESKTOP-0LRKUI0) [Debug] 1 [PackageName] WindowsEditor [ProjectName] Editor" joined alternative multi-casting on [225.0.0.222:34997]...

Refreshing native plugins compatible for Editor in 0.00 ms, found 0 plugins.
Preloading 0 native plugins for Editor in 0.00 ms.
Initialize engine version: 2022.3.4f1 (35713cd46cd7)
[Subsystems] Discovering subsystems at path C:/Program Files/Unity/Hub/Editor/2022.3.4f1/Editor/Data/Resources/UnitySubsystems
[Subsystems] Discovering subsystems at path C:/Users/jack0/OneDrive/바탕 화면/ShootingGame/ShootingGame/Assets
GfxDevice: creating device client; threaded=0; jobified=0
Direct3D:
    Version:  Direct3D 11.0 [level 11.1]
    Renderer: NVIDIA GeForce GTX 1060 (ID=0x1c20)
    Vendor:   NVIDIA
    VRAM:     6043 MB
    Driver:   31.0.15.3179
Initialize mono
Mono path[0] = 'C:/Program Files/Unity/Hub/Editor/2022.3.4f1/Editor/Data/Managed'
Mono path[1] = 'C:/Program Files/Unity/Hub/Editor/2022.3.4f1/Editor/Data/MonoBleedingEdge/lib/mono/unityjit-win32'
Mono config path = 'C:/Program Files/Unity/Hub/Editor/2022.3.4f1/Editor/Data/MonoBleedingEdge/etc'
Using monoOptions --debugger-agent=transport=dt_socket,embedding=1,server=y,suspend=n,address=127.0.0.1:56380
Begin MonoManager ReloadAssembly
Registering precompiled unity dll's ...
Register platform support module: C:/Program Files/Unity/Hub/Editor/2022.3.4f1/Editor/Data/PlaybackEngines/WindowsStandaloneSupport/UnityEditor.WindowsStandalone.Extensions.dll
Registered in 0.023979 seconds.
- Loaded All Assemblies, in  1.020 seconds
Native extension for WindowsStandalone target not found
Mono: successfully reloaded assembly
- Finished resetting the current domain, in  0.955 seconds
Domain Reload Profiling: 1968ms
	BeginReloadAssembly (365ms)
		ExecutionOrderSort (0ms)
		DisableScriptedObjects (0ms)
		BackupInstance (0ms)
		ReleaseScriptingObjects (0ms)
		CreateAndSetChildDomain (1ms)
	RebuildCommonClasses (103ms)
	RebuildNativeTypeToScriptingClass (27ms)
	initialDomainReloadingComplete (195ms)
	LoadAllAssembliesAndSetupDomain (321ms)
		LoadAssemblies (360ms)
		RebuildTransferFunctionScriptingTraits (0ms)
		AnalyzeDomain (291ms)
			TypeCache.Refresh (289ms)
				TypeCache.ScanAssembly (252ms)
			ScanForSourceGeneratedMonoScriptInfo (1ms)
			ResolveRequiredComponents (1ms)
	FinalizeReload (956ms)
		ReleaseScriptCaches (0ms)
		RebuildScriptCaches (0ms)
		SetupLoadedEditorAssemblies (780ms)
			LogAssemblyErrors (0ms)
			InitializePlatformSupportModulesInManaged (43ms)
			SetLoadedEditorAssemblies (41ms)
			RefreshPlugins (0ms)
			BeforeProcessingInitializeOnLoad (8ms)
			ProcessInitializeOnLoadAttributes (607ms)
			ProcessInitializeOnLoadMethodAttributes (80ms)
			AfterProcessingInitializeOnLoad (0ms)
			EditorAssembliesLoaded (0ms)
		ExecutionOrderSort2 (0ms)
		AwakeInstancesAfterBackupRestoration (0ms)
========================================================================
Worker process is ready to serve import requests
Begin MonoManager ReloadAssembly
- Loaded All Assemblies, in  1.797 seconds
Refreshing native plugins compatible for Editor in 0.01 ms, found 0 plugins.
Native extension for WindowsStandalone target not found
Mono: successfully reloaded assembly
- Finished resetting the current domain, in  0.804 seconds
Domain Reload Profiling: 2593ms
	BeginReloadAssembly (553ms)
		ExecutionOrderSort (0ms)
		DisableScriptedObjects (9ms)
		BackupInstance (0ms)
		ReleaseScriptingObjects (0ms)
		CreateAndSetChildDomain (81ms)
	RebuildCommonClasses (199ms)
	RebuildNativeTypeToScriptingClass (35ms)
	initialDomainReloadingComplete (157ms)
	LoadAllAssembliesAndSetupDomain (843ms)
		LoadAssemblies (392ms)
		RebuildTransferFunctionScriptingTraits (0ms)
		AnalyzeDomain (804ms)
			TypeCache.Refresh (798ms)
				TypeCache.ScanAssembly (740ms)
			ScanForSourceGeneratedMonoScriptInfo (2ms)
			ResolveRequiredComponents (4ms)
	FinalizeReload (806ms)
		ReleaseScriptCaches (0ms)
		RebuildScriptCaches (0ms)
		SetupLoadedEditorAssemblies (512ms)
			LogAssemblyErrors (0ms)
			InitializePlatformSupportModulesInManaged (10ms)
			SetLoadedEditorAssemblies (8ms)
			RefreshPlugins (0ms)
			BeforeProcessingInitializeOnLoad (67ms)
			ProcessInitializeOnLoadAttributes (355ms)
			ProcessInitializeOnLoadMethodAttributes (52ms)
			AfterProcessingInitializeOnLoad (20ms)
			EditorAssembliesLoaded (0ms)
		ExecutionOrderSort2 (0ms)
		AwakeInstancesAfterBackupRestoration (14ms)
Launched and connected shader compiler UnityShaderCompiler.exe after 0.17 seconds
Refreshing native plugins compatible for Editor in 0.00 ms, found 0 plugins.
Preloading 0 native plugins for Editor in 0.00 ms.
Unloading 9 Unused Serialized files (Serialized files now loaded: 0)
Unloading 3 unused Assets / (420.8 KB). Loaded Objects now: 482.
Memory consumption went from 45.6 MB to 45.2 MB.
Total: 7.048800 ms (FindLiveObjects: 0.443600 ms CreateObjectMapping: 0.208400 ms MarkObjects: 6.289400 ms  DeleteObjects: 0.101600 ms)

AssetImportParameters requested are different than current active one (requested -> active):
  custom:video-decoder-ogg-theora: a1e56fd34408186e4bbccfd4996cb3dc -> 
  custom:container-muxer-webm: aa71ff27fc2769a1b78a27578f13a17b -> 
  custom:container-demuxer-webm: 4f35f7cbe854078d1ac9338744f61a02 -> 
  custom:video-encoder-webm-vp8: eb34c28f22e8b96e1ab97ce403110664 -> 
  custom:audio-encoder-webm-vorbis: bf7c407c2cedff20999df2af8eb42d56 -> 
  custom:framework-win-MediaFoundation: 216162199b28c13a410421893ffa2e32 -> 
  custom:container-demuxer-ogg: 62fdf1f143b41e24485cea50d1cbac27 -> 
  custom:video-decoder-webm-vp8: 9c59270c3fd7afecdb556c50c9e8de78 -> 
  custom:audio-decoder-ogg-vorbis: bf7c407c2cedff20999df2af8eb42d56 -> 
  custom:AudioImporter_EditorPlatform: d09bf68614088b80899f8185d706f6e7 -> 
========================================================================
Received Import Request.
  Time since last request: 1048307.966493 seconds.
  path: Assets/Projectile/Prefab/Projectile.prefab
  artifactKey: Guid(be3bef04928eabc4cb0322f777ed5a02) Importer(815301076,1909f56bfc062723c751e8b465ee728b)
Start importing Assets/Projectile/Prefab/Projectile.prefab using Guid(be3bef04928eabc4cb0322f777ed5a02) Importer(815301076,1909f56bfc062723c751e8b465ee728b)  -> (artifact id: 'f2f82f3571e4b922682b0c19368dd273') in 0.395390 seconds
Number of updated asset objects reloaded before import = 0
Number of asset objects unloaded after import = 11
========================================================================
Received Import Request.
  Time since last request: 1.668660 seconds.
  path: Assets/UnityDefaultRuntimeTheme.tss
  artifactKey: Guid(2565f7897e6285d44858bcc2ff946152) Importer(815301076,1909f56bfc062723c751e8b465ee728b)
Start importing Assets/UnityDefaultRuntimeTheme.tss using Guid(2565f7897e6285d44858bcc2ff946152) Importer(815301076,1909f56bfc062723c751e8b465ee728b)  -> (artifact id: '194b4bdcc2e3b049b3f3657bb09f3b1c') in 0.201699 seconds
Number of updated asset objects reloaded before import = 0
Number of asset objects unloaded after import = 24
========================================================================
Received Prepare
Begin MonoManager ReloadAssembly
- Loaded All Assemblies, in  0.426 seconds
Refreshing native plugins compatible for Editor in 0.00 ms, found 0 plugins.
Native extension for WindowsStandalone target not found
Mono: successfully reloaded assembly
- Finished resetting the current domain, in  0.525 seconds
Domain Reload Profiling: 946ms
	BeginReloadAssembly (282ms)
		ExecutionOrderSort (0ms)
		DisableScriptedObjects (5ms)
		BackupInstance (0ms)
		ReleaseScriptingObjects (0ms)
		CreateAndSetChildDomain (53ms)
	RebuildCommonClasses (57ms)
	RebuildNativeTypeToScriptingClass (19ms)
	initialDomainReloadingComplete (49ms)
	LoadAllAssembliesAndSetupDomain (13ms)
		LoadAssemblies (184ms)
		RebuildTransferFunctionScriptingTraits (0ms)
		AnalyzeDomain (1ms)
			TypeCache.Refresh (0ms)
				TypeCache.ScanAssembly (0ms)
			ScanForSourceGeneratedMonoScriptInfo (0ms)
			ResolveRequiredComponents (1ms)
	FinalizeReload (526ms)
		ReleaseScriptCaches (0ms)
		RebuildScriptCaches (0ms)
		SetupLoadedEditorAssemblies (305ms)
			LogAssemblyErrors (0ms)
			InitializePlatformSupportModulesInManaged (9ms)
			SetLoadedEditorAssemblies (8ms)
			RefreshPlugins (0ms)
			BeforeProcessingInitializeOnLoad (40ms)
			ProcessInitializeOnLoadAttributes (202ms)
			ProcessInitializeOnLoadMethodAttributes (30ms)
			AfterProcessingInitializeOnLoad (14ms)
			EditorAssembliesLoaded (0ms)
		ExecutionOrderSort2 (0ms)
		AwakeInstancesAfterBackupRestoration (13ms)
Refreshing native plugins compatible for Editor in 0.00 ms, found 0 plugins.
Preloading 0 native plugins for Editor in 0.00 ms.
Unloading 3 Unused Serialized files (Serialized files now loaded: 0)
Unloading 1 unused Assets / (7.3 KB). Loaded Objects now: 534.
Memory consumption went from 49.4 MB to 49.4 MB.
Total: 6.265400 ms (FindLiveObjects: 0.111200 ms CreateObjectMapping: 0.008200 ms MarkObjects: 6.115100 ms  DeleteObjects: 0.028000 ms)

Prepare: number of updated asset objects reloaded= 0
AssetImportParameters requested are different than current active one (requested -> active):
  custom:video-decoder-ogg-theora: a1e56fd34408186e4bbccfd4996cb3dc -> 
  custom:container-muxer-webm: aa71ff27fc2769a1b78a27578f13a17b -> 
  custom:container-demuxer-webm: 4f35f7cbe854078d1ac9338744f61a02 -> 
  custom:video-encoder-webm-vp8: eb34c28f22e8b96e1ab97ce403110664 -> 
  custom:CustomObjectIndexerAttribute: 756ad292c208cfabdd7b50bc23989ffe -> 
  custom:audio-encoder-webm-vorbis: bf7c407c2cedff20999df2af8eb42d56 -> 
  custom:framework-win-MediaFoundation: 216162199b28c13a410421893ffa2e32 -> 
  custom:container-demuxer-ogg: 62fdf1f143b41e24485cea50d1cbac27 -> 
  custom:video-decoder-webm-vp8: 9c59270c3fd7afecdb556c50c9e8de78 -> 
  custom:audio-decoder-ogg-vorbis: bf7c407c2cedff20999df2af8eb42d56 -> 
  custom:AudioImporter_EditorPlatform: d09bf68614088b80899f8185d706f6e7 -> 
========================================================================
Received Import Request.
  Time since last request: 29.590547 seconds.
  path: Assets/Projectile/Prefab/Projectile.prefab
  artifactKey: Guid(be3bef04928eabc4cb0322f777ed5a02) Importer(815301076,1909f56bfc062723c751e8b465ee728b)
Start importing Assets/Projectile/Prefab/Projectile.prefab using Guid(be3bef04928eabc4cb0322f777ed5a02) Importer(815301076,1909f56bfc062723c751e8b465ee728b)  -> (artifact id: 'c299a422955e3c879e074f447c7a86f4') in 0.665275 seconds
Number of updated asset objects reloaded before import = 0
Number of asset objects unloaded after import = 11
========================================================================
Received Import Request.
  Time since last request: 0.673038 seconds.
  path: Assets/Projectile/Prefab/Projectile.prefab
  artifactKey: Guid(be3bef04928eabc4cb0322f777ed5a02) Importer(815301076,1909f56bfc062723c751e8b465ee728b)
Start importing Assets/Projectile/Prefab/Projectile.prefab using Guid(be3bef04928eabc4cb0322f777ed5a02) Importer(815301076,1909f56bfc062723c751e8b465ee728b)  -> (artifact id: '9c629f9bd5862be4e8521a7027da97c3') in 0.352211 seconds
Number of updated asset objects reloaded before import = 0
Number of asset objects unloaded after import = 11
========================================================================
Received Import Request.
  Time since last request: 1.405050 seconds.
  path: Assets/Projectile/Prefab/Projectile.prefab
  artifactKey: Guid(be3bef04928eabc4cb0322f777ed5a02) Importer(815301076,1909f56bfc062723c751e8b465ee728b)
Start importing Assets/Projectile/Prefab/Projectile.prefab using Guid(be3bef04928eabc4cb0322f777ed5a02) Importer(815301076,1909f56bfc062723c751e8b465ee728b)  -> (artifact id: '9d6137b93a85bdfb683c2eadee90d151') in 0.035918 seconds
Number of updated asset objects reloaded before import = 0
Number of asset objects unloaded after import = 13
========================================================================
Received Import Request.
  Time since last request: 0.362211 seconds.
  path: Assets/Projectile/Prefab/Projectile.prefab
  artifactKey: Guid(be3bef04928eabc4cb0322f777ed5a02) Importer(815301076,1909f56bfc062723c751e8b465ee728b)
Start importing Assets/Projectile/Prefab/Projectile.prefab using Guid(be3bef04928eabc4cb0322f777ed5a02) Importer(815301076,1909f56bfc062723c751e8b465ee728b)  -> (artifact id: '9ff68dcafc25cd4ada711d39d924e714') in 0.261126 seconds
Number of updated asset objects reloaded before import = 0
Number of asset objects unloaded after import = 11
========================================================================
Received Import Request.
  Time since last request: 0.143271 seconds.
  path: Assets/Projectile/Prefab/Projectile.prefab
  artifactKey: Guid(be3bef04928eabc4cb0322f777ed5a02) Importer(815301076,1909f56bfc062723c751e8b465ee728b)
Start importing Assets/Projectile/Prefab/Projectile.prefab using Guid(be3bef04928eabc4cb0322f777ed5a02) Importer(815301076,1909f56bfc062723c751e8b465ee728b)  -> (artifact id: '8f5bac64b74697e6bf106f6ba813545b') in 0.034649 seconds
Number of updated asset objects reloaded before import = 0
Number of asset objects unloaded after import = 11
========================================================================
Received Import Request.
  Time since last request: 1.779399 seconds.
  path: Assets/Projectile/Prefab/Projectile.prefab
  artifactKey: Guid(be3bef04928eabc4cb0322f777ed5a02) Importer(815301076,1909f56bfc062723c751e8b465ee728b)
Start importing Assets/Projectile/Prefab/Projectile.prefab using Guid(be3bef04928eabc4cb0322f777ed5a02) Importer(815301076,1909f56bfc062723c751e8b465ee728b)  -> (artifact id: '2108414d37c41fb37f155acce0cbedf2') in 0.084864 seconds
Number of updated asset objects reloaded before import = 0
Number of asset objects unloaded after import = 11
========================================================================
Received Import Request.
  Time since last request: 0.514443 seconds.
  path: Assets/Projectile/Prefab/Projectile.prefab
  artifactKey: Guid(be3bef04928eabc4cb0322f777ed5a02) Importer(815301076,1909f56bfc062723c751e8b465ee728b)
Start importing Assets/Projectile/Prefab/Projectile.prefab using Guid(be3bef04928eabc4cb0322f777ed5a02) Importer(815301076,1909f56bfc062723c751e8b465ee728b)  -> (artifact id: 'bddc07acd78f566cbb81627ec119e5e8') in 0.417210 seconds
Number of updated asset objects reloaded before import = 0
Number of asset objects unloaded after import = 11
========================================================================
Received Import Request.
  Time since last request: 0.998704 seconds.
  path: Assets/Projectile/Prefab/Projectile.prefab
  artifactKey: Guid(be3bef04928eabc4cb0322f777ed5a02) Importer(815301076,1909f56bfc062723c751e8b465ee728b)
Start importing Assets/Projectile/Prefab/Projectile.prefab using Guid(be3bef04928eabc4cb0322f777ed5a02) Importer(815301076,1909f56bfc062723c751e8b465ee728b)  -> (artifact id: '6e3b9d30d836de2f848e23141ceae2f0') in 0.019980 seconds
Number of updated asset objects reloaded before import = 0
Number of asset objects unloaded after import = 11
========================================================================
Received Import Request.
  Time since last request: 1.367308 seconds.
  path: Assets/Projectile/Prefab/Projectile.prefab
  artifactKey: Guid(be3bef04928eabc4cb0322f777ed5a02) Importer(815301076,1909f56bfc062723c751e8b465ee728b)
Start importing Assets/Projectile/Prefab/Projectile.prefab using Guid(be3bef04928eabc4cb0322f777ed5a02) Importer(815301076,1909f56bfc062723c751e8b465ee728b)  -> (artifact id: '0031d1e1684e2005ec03a7faed1209d3') in 0.014100 seconds
Number of updated asset objects reloaded before import = 0
Number of asset objects unloaded after import = 11
========================================================================
Received Import Request.
  Time since last request: 0.216800 seconds.
  path: Assets/Projectile/Prefab/Projectile.prefab
  artifactKey: Guid(be3bef04928eabc4cb0322f777ed5a02) Importer(815301076,1909f56bfc062723c751e8b465ee728b)
Start importing Assets/Projectile/Prefab/Projectile.prefab using Guid(be3bef04928eabc4cb0322f777ed5a02) Importer(815301076,1909f56bfc062723c751e8b465ee728b)  -> (artifact id: '1debfa8ecf8e4c6d0df05a4c4aa79a36') in 0.078628 seconds
Number of updated asset objects reloaded before import = 0
Number of asset objects unloaded after import = 11
